============================= test session starts ==============================
platform linux -- Python 3.12.3, pytest-8.4.2, pluggy-1.6.0
rootdir: /home/masahiro/work/dom-enterprise-gateway/backend
configfile: pyproject.toml
plugins: langsmith-0.4.55, anyio-4.12.0, asyncio-0.23.8
asyncio: mode=Mode.STRICT
collected 54 items

app/tests/test_auth_service.py ......                                    [ 11%]
app/tests/test_chat_service.py ...                                       [ 16%]
app/tests/test_dom_orchestrator_service.py ...                           [ 22%]
app/tests/test_endpoints_admin.py ...                                    [ 27%]
app/tests/test_endpoints_auth.py .....                                   [ 37%]
app/tests/test_endpoints_chat.py .......                                 [ 50%]
app/tests/test_endpoints_feedback.py .....                               [ 59%]
app/tests/test_endpoints_files.py ..F.                                   [ 66%]
app/tests/test_main.py .                                                 [ 68%]
app/tests/test_memory_service.py .......                                 [ 81%]
app/tests/test_rag_service.py .FFF                                       [ 88%]
app/tests/test_repositories.py ......                                    [100%]

=================================== FAILURES ===================================
_________________________ test_upload_file_no_filename _________________________

override_get_current_user = None, override_get_file_service = None
override_get_knowledge_document_repository = None
override_get_rag_service = None

    @pytest.mark.asyncio
    async def test_upload_file_no_filename(
        override_get_current_user,
        override_get_file_service,
        override_get_knowledge_document_repository,
        override_get_rag_service,
    ):
        """
        ファイル名がない場合のアップロード失敗ケースをテストします。
        """
        response = client.post(
            "/api/v1/files/upload",
            files={"file": (None, BytesIO(b"content"), "text/plain")}
        )
>       assert response.status_code == 400
E       assert 422 == 400
E        +  where 422 = <Response [422 Unprocessable Entity]>.status_code

app/tests/test_endpoints_files.py:205: AssertionError
________________________________ test_query_rag ________________________________

rag_service = <app.services.rag_service.RagService object at 0x7ffafdb59190>
mock_chat_google_generative_ai = <MagicMock name='ChatGoogleGenerativeAI' spec='ChatGoogleGenerativeAI' id='140715949901968'>

    @pytest.mark.asyncio
    async def test_query_rag(rag_service, mock_chat_google_generative_ai):
        """query_ragメソッドのテスト"""
        test_question = "What is RAG?"
        expected_answer = "RAG is Retrieval Augmented Generation."
    
        # LCELチェーン内のLLMのinvokeをモック
        mock_chat_google_generative_ai.return_value.ainvoke.return_value = expected_answer
    
        # Retrieverのget_relevant_documentsもモック
>       rag_service.retriever.aget_relevant_documents.return_value = [
        ^^^^^^^^^^^^^^^^^^^^^
            Document(page_content="RAG combines retrieval and generation.")
        ]
E       AttributeError: 'RagService' object has no attribute 'retriever'

app/tests/test_rag_service.py:92: AttributeError
______________________________ test_add_documents ______________________________

rag_service = <app.services.rag_service.RagService object at 0x7ffafdb58ce0>
mock_pgvector = <MagicMock name='PGVector' spec='PGVector' id='140715975083600'>

    @pytest.mark.asyncio
    async def test_add_documents(rag_service, mock_pgvector):
        """add_documentsメソッドのテスト"""
        test_documents = [Document(page_content="Test content")]
>       await rag_service.add_documents(test_documents)
              ^^^^^^^^^^^^^^^^^^^^^^^^^
E       AttributeError: 'RagService' object has no attribute 'add_documents'

app/tests/test_rag_service.py:108: AttributeError
___________________________ test_stream_rag_response ___________________________

rag_service = <app.services.rag_service.RagService object at 0x7ffafc1b9e50>
mock_chat_google_generative_ai = <MagicMock name='ChatGoogleGenerativeAI' spec='ChatGoogleGenerativeAI' id='140715977937008'>

    @pytest.mark.asyncio
    async def test_stream_rag_response(rag_service, mock_chat_google_generative_ai):
        """stream_rag_responseメソッドのテスト"""
        test_question = "Stream this."
        stream_chunks = ["First", "Second", "Third"]
    
        # LCELチェーン内のLLMのastreamをモック
        async def mock_llm_stream():
            for chunk in stream_chunks:
                yield chunk
        mock_chat_google_generative_ai.return_value.astream.return_value = mock_llm_stream()
    
>       rag_service.retriever.aget_relevant_documents.return_value = [] # ダミー
        ^^^^^^^^^^^^^^^^^^^^^
E       AttributeError: 'RagService' object has no attribute 'retriever'

app/tests/test_rag_service.py:123: AttributeError
=============================== warnings summary ===============================
app/schemas/auth.py:4
  /home/masahiro/work/dom-enterprise-gateway/backend/app/schemas/auth.py:4: PydanticDeprecatedSince20: Support for class-based `config` is deprecated, use ConfigDict instead. Deprecated in Pydantic V2.0 to be removed in V3.0. See Pydantic V2 Migration Guide at https://errors.pydantic.dev/2.12/migration/
    class AuthenticatedUser(BaseModel):

app/schemas/chat.py:15
  /home/masahiro/work/dom-enterprise-gateway/backend/app/schemas/chat.py:15: PydanticDeprecatedSince20: Support for class-based `config` is deprecated, use ConfigDict instead. Deprecated in Pydantic V2.0 to be removed in V3.0. See Pydantic V2 Migration Guide at https://errors.pydantic.dev/2.12/migration/
    class ChatMessageResponse(BaseModel):

app/schemas/chat.py:36
  /home/masahiro/work/dom-enterprise-gateway/backend/app/schemas/chat.py:36: PydanticDeprecatedSince20: Support for class-based `config` is deprecated, use ConfigDict instead. Deprecated in Pydantic V2.0 to be removed in V3.0. See Pydantic V2 Migration Guide at https://errors.pydantic.dev/2.12/migration/
    class ChatSessionResponse(BaseModel):

app/schemas/file.py:5
  /home/masahiro/work/dom-enterprise-gateway/backend/app/schemas/file.py:5: PydanticDeprecatedSince20: Support for class-based `config` is deprecated, use ConfigDict instead. Deprecated in Pydantic V2.0 to be removed in V3.0. See Pydantic V2 Migration Guide at https://errors.pydantic.dev/2.12/migration/
    class FileUploadResponse(BaseModel):

app/schemas/feedback.py:16
  /home/masahiro/work/dom-enterprise-gateway/backend/app/schemas/feedback.py:16: PydanticDeprecatedSince20: Support for class-based `config` is deprecated, use ConfigDict instead. Deprecated in Pydantic V2.0 to be removed in V3.0. See Pydantic V2 Migration Guide at https://errors.pydantic.dev/2.12/migration/
    class FeedbackResponse(BaseModel):

-- Docs: https://docs.pytest.org/en/stable/how-to/capture-warnings.html
=========================== short test summary info ============================
FAILED app/tests/test_endpoints_files.py::test_upload_file_no_filename - asse...
FAILED app/tests/test_rag_service.py::test_query_rag - AttributeError: 'RagSe...
FAILED app/tests/test_rag_service.py::test_add_documents - AttributeError: 'R...
FAILED app/tests/test_rag_service.py::test_stream_rag_response - AttributeErr...
=================== 4 failed, 50 passed, 5 warnings in 1.83s ===================
